2018-08-20 16:04:05.904 DEBUG 24988 --- [restartedMain] o.s.w.c.s.StandardServletEnvironment     : Adding PropertySource 'configurationProperties' with highest search precedence
2018-08-20 16:04:05.940 DEBUG 24988 --- [restartedMain] o.s.w.c.s.StandardServletEnvironment     : Adding PropertySource 'servletConfigInitParams' with lowest search precedence
2018-08-20 16:04:05.940 DEBUG 24988 --- [restartedMain] o.s.w.c.s.StandardServletEnvironment     : Adding PropertySource 'servletContextInitParams' with lowest search precedence
2018-08-20 16:04:05.940 DEBUG 24988 --- [restartedMain] o.s.w.c.s.StandardServletEnvironment     : Adding PropertySource 'systemProperties' with lowest search precedence
2018-08-20 16:04:05.940 DEBUG 24988 --- [restartedMain] o.s.w.c.s.StandardServletEnvironment     : Adding PropertySource 'systemEnvironment' with lowest search precedence
2018-08-20 16:04:05.952 DEBUG 24988 --- [restartedMain] o.s.w.c.s.StandardServletEnvironment     : Initialized StandardServletEnvironment with PropertySources [StubPropertySource {name='servletConfigInitParams'}, StubPropertySource {name='servletContextInitParams'}, MapPropertySource {name='systemProperties'}, SystemEnvironmentPropertySource {name='systemEnvironment'}]
2018-08-20 16:04:05.989  INFO 24988 --- [restartedMain] com.fanyi.crm2018.Crm2018Application     : Starting Crm2018Application on DESKTOP-20LDB10 with PID 24988 (C:\SVN\attendance\crm2018\target\classes started by 熊金明 in C:\SVN\attendance\crm2018)
2018-08-20 16:04:05.990 DEBUG 24988 --- [restartedMain] com.fanyi.crm2018.Crm2018Application     : Running with Spring Boot v2.0.4.RELEASE, Spring v5.0.8.RELEASE
2018-08-20 16:04:05.991  INFO 24988 --- [restartedMain] com.fanyi.crm2018.Crm2018Application     : No active profile set, falling back to default profiles: default
2018-08-20 16:04:06.050  INFO 24988 --- [restartedMain] ConfigServletWebServerApplicationContext : Refreshing org.springframework.boot.web.servlet.context.AnnotationConfigServletWebServerApplicationContext@7840361f: startup date [Mon Aug 20 16:04:06 CST 2018]; root of context hierarchy
2018-08-20 16:04:07.172 DEBUG 24988 --- [restartedMain] o.s.w.c.s.StandardServletEnvironment     : Removing PropertySource 'defaultProperties'
2018-08-20 16:04:07.913  INFO 24988 --- [restartedMain] o.s.b.w.embedded.tomcat.TomcatWebServer  : Tomcat initialized with port(s): 8088 (http)
2018-08-20 16:04:07.940  INFO 24988 --- [restartedMain] o.apache.catalina.core.StandardService   : Starting service [Tomcat]
2018-08-20 16:04:07.940  INFO 24988 --- [restartedMain] org.apache.catalina.core.StandardEngine  : Starting Servlet Engine: Apache Tomcat/8.5.32
2018-08-20 16:04:07.949  INFO 24988 --- [localhost-startStop-1] o.a.catalina.core.AprLifecycleListener   : The APR based Apache Tomcat Native library which allows optimal performance in production environments was not found on the java.library.path: [C:\eclipse-new\jdk1.8.0_92\bin;C:\WINDOWS\Sun\Java\bin;C:\WINDOWS\system32;C:\WINDOWS;C:/eclipse-new/jdk1.8.0_92/bin/../jre/bin/server;C:/eclipse-new/jdk1.8.0_92/bin/../jre/bin;C:/eclipse-new/jdk1.8.0_92/bin/../jre/lib/amd64;C:\Program Files (x86)\Intel\iCLS Client\;C:\Program Files\Intel\iCLS Client\;C:\WINDOWS\system32;C:\WINDOWS;C:\WINDOWS\System32\Wbem;C:\WINDOWS\System32\WindowsPowerShell\v1.0\;C:\Program Files\TortoiseSVN\bin;C:\Program Files (x86)\Intel\Intel(R) Management Engine Components\DAL;C:\Program Files\Intel\Intel(R) Management Engine Components\DAL;C:\Program Files (x86)\Intel\Intel(R) Management Engine Components\IPT;C:\Program Files\Intel\Intel(R) Management Engine Components\IPT;C:\WINDOWS\System32\OpenSSH\;%JAVA_HOME%\bin;%MAVEN_HOME%\bin;C:\Users\熊金明\AppData\Local\Microsoft\WindowsApps;;C:\springboot and eclipse\eclipse;;.]
2018-08-20 16:04:08.068  INFO 24988 --- [localhost-startStop-1] o.a.c.c.C.[.[localhost].[/crm2018]       : Initializing Spring embedded WebApplicationContext
2018-08-20 16:04:08.069 DEBUG 24988 --- [localhost-startStop-1] o.s.web.context.ContextLoader            : Published root WebApplicationContext as ServletContext attribute with name [org.springframework.web.context.WebApplicationContext.ROOT]
2018-08-20 16:04:08.069  INFO 24988 --- [localhost-startStop-1] o.s.web.context.ContextLoader            : Root WebApplicationContext: initialization completed in 2019 ms
2018-08-20 16:04:08.103  INFO 24988 --- [localhost-startStop-1] o.s.b.w.servlet.ServletRegistrationBean  : Servlet dispatcherServlet mapped to [/]
2018-08-20 16:04:08.106  INFO 24988 --- [localhost-startStop-1] o.s.b.w.servlet.FilterRegistrationBean   : Mapping filter: 'characterEncodingFilter' to: [/*]
2018-08-20 16:04:08.106  INFO 24988 --- [localhost-startStop-1] o.s.b.w.servlet.FilterRegistrationBean   : Mapping filter: 'corsFilter' to: [/*]
2018-08-20 16:04:08.127 DEBUG 24988 --- [restartedMain] o.s.w.c.s.StandardServletEnvironment     : Replacing PropertySource 'servletContextInitParams' with 'servletContextInitParams'
2018-08-20 16:04:08.600 DEBUG 24988 --- [restartedMain] s.w.s.m.m.a.RequestMappingHandlerMapping : Looking for request mappings in application context: org.springframework.boot.web.servlet.context.AnnotationConfigServletWebServerApplicationContext@7840361f: startup date [Mon Aug 20 16:04:06 CST 2018]; root of context hierarchy
2018-08-20 16:04:08.610 DEBUG 24988 --- [restartedMain] s.w.s.m.m.a.RequestMappingHandlerMapping : 5 request handler methods found on class com.fanyi.crm2018.controller.CustomeController: {public java.lang.String com.fanyi.crm2018.controller.CustomeController.json(javax.servlet.http.HttpServletRequest,javax.servlet.http.HttpSession)={[/json],produces=[application/json;charset=UTF-8]}, public java.util.Map com.fanyi.crm2018.controller.CustomeController.hey(javax.servlet.http.HttpServletRequest,javax.servlet.http.HttpSession)={[/hey]}, public com.fanyi.crm2018.pojo.Customer com.fanyi.crm2018.controller.CustomeController.select(javax.servlet.http.HttpServletRequest,javax.servlet.http.HttpSession)={[/selectCustomerById]}, public java.lang.String com.fanyi.crm2018.controller.CustomeController.ha(javax.servlet.http.HttpServletRequest,javax.servlet.http.HttpSession)={[/ha],produces=[application/json;charset=UTF-8]}, public java.lang.String com.fanyi.crm2018.controller.CustomeController.updateOrderDetail(org.springframework.web.multipart.MultipartFile[],org.springframework.web.multipart.MultipartFile[],org.springframework.web.multipart.MultipartFile[],javax.servlet.http.HttpServletRequest,javax.servlet.http.HttpSession,org.springframework.ui.ModelMap,org.springframework.web.servlet.mvc.support.RedirectAttributes) throws java.lang.RuntimeException={[/picture]}}
2018-08-20 16:04:08.612  INFO 24988 --- [restartedMain] s.w.s.m.m.a.RequestMappingHandlerMapping : Mapped "{[/json],produces=[application/json;charset=UTF-8]}" onto public java.lang.String com.fanyi.crm2018.controller.CustomeController.json(javax.servlet.http.HttpServletRequest,javax.servlet.http.HttpSession)
2018-08-20 16:04:08.613  INFO 24988 --- [restartedMain] s.w.s.m.m.a.RequestMappingHandlerMapping : Mapped "{[/hey]}" onto public java.util.Map<java.lang.String, java.lang.String> com.fanyi.crm2018.controller.CustomeController.hey(javax.servlet.http.HttpServletRequest,javax.servlet.http.HttpSession)
2018-08-20 16:04:08.613  INFO 24988 --- [restartedMain] s.w.s.m.m.a.RequestMappingHandlerMapping : Mapped "{[/selectCustomerById]}" onto public com.fanyi.crm2018.pojo.Customer com.fanyi.crm2018.controller.CustomeController.select(javax.servlet.http.HttpServletRequest,javax.servlet.http.HttpSession)
2018-08-20 16:04:08.614  INFO 24988 --- [restartedMain] s.w.s.m.m.a.RequestMappingHandlerMapping : Mapped "{[/ha],produces=[application/json;charset=UTF-8]}" onto public java.lang.String com.fanyi.crm2018.controller.CustomeController.ha(javax.servlet.http.HttpServletRequest,javax.servlet.http.HttpSession)
2018-08-20 16:04:08.614  INFO 24988 --- [restartedMain] s.w.s.m.m.a.RequestMappingHandlerMapping : Mapped "{[/picture]}" onto public java.lang.String com.fanyi.crm2018.controller.CustomeController.updateOrderDetail(org.springframework.web.multipart.MultipartFile[],org.springframework.web.multipart.MultipartFile[],org.springframework.web.multipart.MultipartFile[],javax.servlet.http.HttpServletRequest,javax.servlet.http.HttpSession,org.springframework.ui.ModelMap,org.springframework.web.servlet.mvc.support.RedirectAttributes) throws java.lang.RuntimeException
2018-08-20 16:04:08.615 DEBUG 24988 --- [restartedMain] s.w.s.m.m.a.RequestMappingHandlerMapping : 9 request handler methods found on class com.fanyi.crm2018.controller.PunchController: {public java.util.List com.fanyi.crm2018.controller.PunchController.selectUserToRule(javax.servlet.http.HttpServletRequest,javax.servlet.http.HttpSession) throws java.lang.RuntimeException={[/bunch_rule/selectUserToRule]}, public com.fanyi.crm2018.pojo.PunchRule com.fanyi.crm2018.controller.PunchController.selectPunchRule(javax.servlet.http.HttpServletRequest,javax.servlet.http.HttpSession) throws java.lang.RuntimeException={[/bunch_rule/selectPunchRule]}, public java.lang.String com.fanyi.crm2018.controller.PunchController.savePunchRule(javax.servlet.http.HttpServletRequest,javax.servlet.http.HttpSession)={[/bunch_rule/savePunchRule]}, public java.lang.String com.fanyi.crm2018.controller.PunchController.judgeOnAndOffDuty(javax.servlet.http.HttpServletRequest,javax.servlet.http.HttpServletResponse)={[/signIn/judgeOnAndOffDuty],produces=[application/json;charset=UTF-8]}, public java.util.List com.fanyi.crm2018.controller.PunchController.selectPunchRuleList(javax.servlet.http.HttpServletRequest,javax.servlet.http.HttpSession)={[/bunch_rule/selectPunchRuleList]}, public java.lang.String com.fanyi.crm2018.controller.PunchController.selectSignInRecords(javax.servlet.http.HttpServletRequest,javax.servlet.http.HttpServletResponse)={[/signIn/selectSignInRecords]}, public java.lang.String com.fanyi.crm2018.controller.PunchController.saveSignInRecord(javax.servlet.http.HttpServletRequest,javax.servlet.http.HttpServletResponse)={[/signIn/saveSignInRecord]}, public java.lang.String com.fanyi.crm2018.controller.PunchController.updatePunchRule(javax.servlet.http.HttpServletRequest,javax.servlet.http.HttpSession)={[/bunch_rule/updatePunchRule]}, public java.lang.String com.fanyi.crm2018.controller.PunchController.deletePunchRule(javax.servlet.http.HttpServletRequest,javax.servlet.http.HttpSession)={[/bunch_rule/deletePunchRule]}}
2018-08-20 16:04:08.615  INFO 24988 --- [restartedMain] s.w.s.m.m.a.RequestMappingHandlerMapping : Mapped "{[/bunch_rule/selectUserToRule]}" onto public java.util.List<com.fanyi.crm2018.pojo.Department> com.fanyi.crm2018.controller.PunchController.selectUserToRule(javax.servlet.http.HttpServletRequest,javax.servlet.http.HttpSession) throws java.lang.RuntimeException
2018-08-20 16:04:08.616  INFO 24988 --- [restartedMain] s.w.s.m.m.a.RequestMappingHandlerMapping : Mapped "{[/bunch_rule/selectPunchRule]}" onto public com.fanyi.crm2018.pojo.PunchRule com.fanyi.crm2018.controller.PunchController.selectPunchRule(javax.servlet.http.HttpServletRequest,javax.servlet.http.HttpSession) throws java.lang.RuntimeException
2018-08-20 16:04:08.616  INFO 24988 --- [restartedMain] s.w.s.m.m.a.RequestMappingHandlerMapping : Mapped "{[/bunch_rule/savePunchRule]}" onto public java.lang.String com.fanyi.crm2018.controller.PunchController.savePunchRule(javax.servlet.http.HttpServletRequest,javax.servlet.http.HttpSession)
2018-08-20 16:04:08.617  INFO 24988 --- [restartedMain] s.w.s.m.m.a.RequestMappingHandlerMapping : Mapped "{[/signIn/judgeOnAndOffDuty],produces=[application/json;charset=UTF-8]}" onto public java.lang.String com.fanyi.crm2018.controller.PunchController.judgeOnAndOffDuty(javax.servlet.http.HttpServletRequest,javax.servlet.http.HttpServletResponse)
2018-08-20 16:04:08.617  INFO 24988 --- [restartedMain] s.w.s.m.m.a.RequestMappingHandlerMapping : Mapped "{[/bunch_rule/selectPunchRuleList]}" onto public java.util.List<com.fanyi.crm2018.pojo.PunchRule> com.fanyi.crm2018.controller.PunchController.selectPunchRuleList(javax.servlet.http.HttpServletRequest,javax.servlet.http.HttpSession)
2018-08-20 16:04:08.617  INFO 24988 --- [restartedMain] s.w.s.m.m.a.RequestMappingHandlerMapping : Mapped "{[/signIn/selectSignInRecords]}" onto public java.lang.String com.fanyi.crm2018.controller.PunchController.selectSignInRecords(javax.servlet.http.HttpServletRequest,javax.servlet.http.HttpServletResponse)
2018-08-20 16:04:08.617  INFO 24988 --- [restartedMain] s.w.s.m.m.a.RequestMappingHandlerMapping : Mapped "{[/signIn/saveSignInRecord]}" onto public java.lang.String com.fanyi.crm2018.controller.PunchController.saveSignInRecord(javax.servlet.http.HttpServletRequest,javax.servlet.http.HttpServletResponse)
2018-08-20 16:04:08.618  INFO 24988 --- [restartedMain] s.w.s.m.m.a.RequestMappingHandlerMapping : Mapped "{[/bunch_rule/updatePunchRule]}" onto public java.lang.String com.fanyi.crm2018.controller.PunchController.updatePunchRule(javax.servlet.http.HttpServletRequest,javax.servlet.http.HttpSession)
2018-08-20 16:04:08.618  INFO 24988 --- [restartedMain] s.w.s.m.m.a.RequestMappingHandlerMapping : Mapped "{[/bunch_rule/deletePunchRule]}" onto public java.lang.String com.fanyi.crm2018.controller.PunchController.deletePunchRule(javax.servlet.http.HttpServletRequest,javax.servlet.http.HttpSession)
2018-08-20 16:04:08.624 DEBUG 24988 --- [restartedMain] s.w.s.m.m.a.RequestMappingHandlerMapping : 2 request handler methods found on class org.springframework.boot.autoconfigure.web.servlet.error.BasicErrorController: {public org.springframework.http.ResponseEntity org.springframework.boot.autoconfigure.web.servlet.error.BasicErrorController.error(javax.servlet.http.HttpServletRequest)={[/error]}, public org.springframework.web.servlet.ModelAndView org.springframework.boot.autoconfigure.web.servlet.error.BasicErrorController.errorHtml(javax.servlet.http.HttpServletRequest,javax.servlet.http.HttpServletResponse)={[/error],produces=[text/html]}}
2018-08-20 16:04:08.624  INFO 24988 --- [restartedMain] s.w.s.m.m.a.RequestMappingHandlerMapping : Mapped "{[/error]}" onto public org.springframework.http.ResponseEntity<java.util.Map<java.lang.String, java.lang.Object>> org.springframework.boot.autoconfigure.web.servlet.error.BasicErrorController.error(javax.servlet.http.HttpServletRequest)
2018-08-20 16:04:08.624  INFO 24988 --- [restartedMain] s.w.s.m.m.a.RequestMappingHandlerMapping : Mapped "{[/error],produces=[text/html]}" onto public org.springframework.web.servlet.ModelAndView org.springframework.boot.autoconfigure.web.servlet.error.BasicErrorController.errorHtml(javax.servlet.http.HttpServletRequest,javax.servlet.http.HttpServletResponse)
2018-08-20 16:04:08.648 DEBUG 24988 --- [restartedMain] o.s.w.s.h.BeanNameUrlHandlerMapping      : Looking for URL mappings in application context: org.springframework.boot.web.servlet.context.AnnotationConfigServletWebServerApplicationContext@7840361f: startup date [Mon Aug 20 16:04:06 CST 2018]; root of context hierarchy
2018-08-20 16:04:08.649 DEBUG 24988 --- [restartedMain] o.s.w.s.h.BeanNameUrlHandlerMapping      : Rejected bean name 'org.springframework.context.annotation.internalConfigurationAnnotationProcessor': no URL paths identified
2018-08-20 16:04:08.649 DEBUG 24988 --- [restartedMain] o.s.w.s.h.BeanNameUrlHandlerMapping      : Rejected bean name 'org.springframework.context.annotation.internalAutowiredAnnotationProcessor': no URL paths identified
2018-08-20 16:04:08.649 DEBUG 24988 --- [restartedMain] o.s.w.s.h.BeanNameUrlHandlerMapping      : Rejected bean name 'org.springframework.context.annotation.internalRequiredAnnotationProcessor': no URL paths identified
2018-08-20 16:04:08.649 DEBUG 24988 --- [restartedMain] o.s.w.s.h.BeanNameUrlHandlerMapping      : Rejected bean name 'org.springframework.context.annotation.internalCommonAnnotationProcessor': no URL paths identified
2018-08-20 16:04:08.649 DEBUG 24988 --- [restartedMain] o.s.w.s.h.BeanNameUrlHandlerMapping      : Rejected bean name 'org.springframework.context.event.internalEventListenerProcessor': no URL paths identified
2018-08-20 16:04:08.649 DEBUG 24988 --- [restartedMain] o.s.w.s.h.BeanNameUrlHandlerMapping      : Rejected bean name 'org.springframework.context.event.internalEventListenerFactory': no URL paths identified
2018-08-20 16:04:08.649 DEBUG 24988 --- [restartedMain] o.s.w.s.h.BeanNameUrlHandlerMapping      : Rejected bean name 'crm2018Application': no URL paths identified
2018-08-20 16:04:08.650 DEBUG 24988 --- [restartedMain] o.s.w.s.h.BeanNameUrlHandlerMapping      : Rejected bean name 'org.springframework.boot.autoconfigure.internalCachingMetadataReaderFactory': no URL paths identified
2018-08-20 16:04:08.650 DEBUG 24988 --- [restartedMain] o.s.w.s.h.BeanNameUrlHandlerMapping      : Rejected bean name 'customeController': no URL paths identified
2018-08-20 16:04:08.650 DEBUG 24988 --- [restartedMain] o.s.w.s.h.BeanNameUrlHandlerMapping      : Rejected bean name 'punchController': no URL paths identified
2018-08-20 16:04:08.650 DEBUG 24988 --- [restartedMain] o.s.w.s.h.BeanNameUrlHandlerMapping      : Rejected bean name 'corsFilter': no URL paths identified
2018-08-20 16:04:08.650 DEBUG 24988 --- [restartedMain] o.s.w.s.h.BeanNameUrlHandlerMapping      : Rejected bean name 'webConfig': no URL paths identified
2018-08-20 16:04:08.650 DEBUG 24988 --- [restartedMain] o.s.w.s.h.BeanNameUrlHandlerMapping      : Rejected bean name 'customer': no URL paths identified
2018-08-20 16:04:08.650 DEBUG 24988 --- [restartedMain] o.s.w.s.h.BeanNameUrlHandlerMapping      : Rejected bean name 'fileUpload': no URL paths identified
2018-08-20 16:04:08.650 DEBUG 24988 --- [restartedMain] o.s.w.s.h.BeanNameUrlHandlerMapping      : Rejected bean name 'producer': no URL paths identified
2018-08-20 16:04:08.650 DEBUG 24988 --- [restartedMain] o.s.w.s.h.BeanNameUrlHandlerMapping      : Rejected bean name 'punchRuleServiceImpl': no URL paths identified
2018-08-20 16:04:08.650 DEBUG 24988 --- [restartedMain] o.s.w.s.h.BeanNameUrlHandlerMapping      : Rejected bean name 'userServiceImpl': no URL paths identified
2018-08-20 16:04:08.650 DEBUG 24988 --- [restartedMain] o.s.w.s.h.BeanNameUrlHandlerMapping      : Rejected bean name 'v2_CustomerServiceImpl': no URL paths identified
2018-08-20 16:04:08.650 DEBUG 24988 --- [restartedMain] o.s.w.s.h.BeanNameUrlHandlerMapping      : Rejected bean name 'getLoginInterceptor': no URL paths identified
2018-08-20 16:04:08.651 DEBUG 24988 --- [restartedMain] o.s.w.s.h.BeanNameUrlHandlerMapping      : Rejected bean name 'requestMappingHandlerMapping': no URL paths identified
2018-08-20 16:04:08.651 DEBUG 24988 --- [restartedMain] o.s.w.s.h.BeanNameUrlHandlerMapping      : Rejected bean name 'mvcPathMatcher': no URL paths identified
2018-08-20 16:04:08.651 DEBUG 24988 --- [restartedMain] o.s.w.s.h.BeanNameUrlHandlerMapping      : Rejected bean name 'mvcUrlPathHelper': no URL paths identified
2018-08-20 16:04:08.651 DEBUG 24988 --- [restartedMain] o.s.w.s.h.BeanNameUrlHandlerMapping      : Rejected bean name 'mvcContentNegotiationManager': no URL paths identified
2018-08-20 16:04:08.651 DEBUG 24988 --- [restartedMain] o.s.w.s.h.BeanNameUrlHandlerMapping      : Rejected bean name 'viewControllerHandlerMapping': no URL paths identified
2018-08-20 16:04:08.651 DEBUG 24988 --- [restartedMain] o.s.w.s.h.BeanNameUrlHandlerMapping      : Rejected bean name 'beanNameHandlerMapping': no URL paths identified
2018-08-20 16:04:08.651 DEBUG 24988 --- [restartedMain] o.s.w.s.h.BeanNameUrlHandlerMapping      : Rejected bean name 'resourceHandlerMapping': no URL paths identified
2018-08-20 16:04:08.651 DEBUG 24988 --- [restartedMain] o.s.w.s.h.BeanNameUrlHandlerMapping      : Rejected bean name 'mvcResourceUrlProvider': no URL paths identified
2018-08-20 16:04:08.651 DEBUG 24988 --- [restartedMain] o.s.w.s.h.BeanNameUrlHandlerMapping      : Rejected bean name 'defaultServletHandlerMapping': no URL paths identified
2018-08-20 16:04:08.651 DEBUG 24988 --- [restartedMain] o.s.w.s.h.BeanNameUrlHandlerMapping      : Rejected bean name 'requestMappingHandlerAdapter': no URL paths identified
2018-08-20 16:04:08.651 DEBUG 24988 --- [restartedMain] o.s.w.s.h.BeanNameUrlHandlerMapping      : Rejected bean name 'mvcConversionService': no URL paths identified
2018-08-20 16:04:08.651 DEBUG 24988 --- [restartedMain] o.s.w.s.h.BeanNameUrlHandlerMapping      : Rejected bean name 'mvcValidator': no URL paths identified
2018-08-20 16:04:08.652 DEBUG 24988 --- [restartedMain] o.s.w.s.h.BeanNameUrlHandlerMapping      : Rejected bean name 'mvcUriComponentsContributor': no URL paths identified
2018-08-20 16:04:08.652 DEBUG 24988 --- [restartedMain] o.s.w.s.h.BeanNameUrlHandlerMapping      : Rejected bean name 'httpRequestHandlerAdapter': no URL paths identified
2018-08-20 16:04:08.652 DEBUG 24988 --- [restartedMain] o.s.w.s.h.BeanNameUrlHandlerMapping      : Rejected bean name 'simpleControllerHandlerAdapter': no URL paths identified
2018-08-20 16:04:08.652 DEBUG 24988 --- [restartedMain] o.s.w.s.h.BeanNameUrlHandlerMapping      : Rejected bean name 'handlerExceptionResolver': no URL paths identified
2018-08-20 16:04:08.652 DEBUG 24988 --- [restartedMain] o.s.w.s.h.BeanNameUrlHandlerMapping      : Rejected bean name 'mvcViewResolver': no URL paths identified
2018-08-20 16:04:08.652 DEBUG 24988 --- [restartedMain] o.s.w.s.h.BeanNameUrlHandlerMapping      : Rejected bean name 'mvcHandlerMappingIntrospector': no URL paths identified
2018-08-20 16:04:08.652 DEBUG 24988 --- [restartedMain] o.s.w.s.h.BeanNameUrlHandlerMapping      : Rejected bean name 'org.springframework.jms.annotation.JmsBootstrapConfiguration': no URL paths identified
2018-08-20 16:04:08.652 DEBUG 24988 --- [restartedMain] o.s.w.s.h.BeanNameUrlHandlerMapping      : Rejected bean name 'org.springframework.jms.config.internalJmsListenerAnnotationProcessor': no URL paths identified
2018-08-20 16:04:08.652 DEBUG 24988 --- [restartedMain] o.s.w.s.h.BeanNameUrlHandlerMapping      : Rejected bean name 'org.springframework.jms.config.internalJmsListenerEndpointRegistry': no URL paths identified
2018-08-20 16:04:08.652 DEBUG 24988 --- [restartedMain] o.s.w.s.h.BeanNameUrlHandlerMapping      : Rejected bean name 'org.springframework.transaction.annotation.ProxyTransactionManagementConfiguration': no URL paths identified
2018-08-20 16:04:08.652 DEBUG 24988 --- [restartedMain] o.s.w.s.h.BeanNameUrlHandlerMapping      : Rejected bean name 'org.springframework.transaction.config.internalTransactionAdvisor': no URL paths identified
2018-08-20 16:04:08.652 DEBUG 24988 --- [restartedMain] o.s.w.s.h.BeanNameUrlHandlerMapping      : Rejected bean name 'transactionAttributeSource': no URL paths identified
2018-08-20 16:04:08.652 DEBUG 24988 --- [restartedMain] o.s.w.s.h.BeanNameUrlHandlerMapping      : Rejected bean name 'transactionInterceptor': no URL paths identified
2018-08-20 16:04:08.652 DEBUG 24988 --- [restartedMain] o.s.w.s.h.BeanNameUrlHandlerMapping      : Rejected bean name 'org.springframework.transaction.config.internalTransactionalEventListenerFactory': no URL paths identified
2018-08-20 16:04:08.652 DEBUG 24988 --- [restartedMain] o.s.w.s.h.BeanNameUrlHandlerMapping      : Rejected bean name 'queue': no URL paths identified
2018-08-20 16:04:08.652 DEBUG 24988 --- [restartedMain] o.s.w.s.h.BeanNameUrlHandlerMapping      : Rejected bean name 'multipartResolver': no URL paths identified
2018-08-20 16:04:08.652 DEBUG 24988 --- [restartedMain] o.s.w.s.h.BeanNameUrlHandlerMapping      : Rejected bean name 'org.springframework.aop.config.internalAutoProxyCreator': no URL paths identified
2018-08-20 16:04:08.652 DEBUG 24988 --- [restartedMain] o.s.w.s.h.BeanNameUrlHandlerMapping      : Rejected bean name 'punceRuleDao': no URL paths identified
2018-08-20 16:04:08.653 DEBUG 24988 --- [restartedMain] o.s.w.s.h.BeanNameUrlHandlerMapping      : Rejected bean name 'userDao': no URL paths identified
2018-08-20 16:04:08.653 DEBUG 24988 --- [restartedMain] o.s.w.s.h.BeanNameUrlHandlerMapping      : Rejected bean name 'v2_CustomerMapper': no URL paths identified
2018-08-20 16:04:08.653 DEBUG 24988 --- [restartedMain] o.s.w.s.h.BeanNameUrlHandlerMapping      : Rejected bean name 'servletComponentRegisteringPostProcessor': no URL paths identified
2018-08-20 16:04:08.653 DEBUG 24988 --- [restartedMain] o.s.w.s.h.BeanNameUrlHandlerMapping      : Rejected bean name 'org.springframework.boot.autoconfigure.AutoConfigurationPackages': no URL paths identified
2018-08-20 16:04:08.653 DEBUG 24988 --- [restartedMain] o.s.w.s.h.BeanNameUrlHandlerMapping      : Rejected bean name 'org.springframework.boot.autoconfigure.context.PropertyPlaceholderAutoConfiguration': no URL paths identified
2018-08-20 16:04:08.653 DEBUG 24988 --- [restartedMain] o.s.w.s.h.BeanNameUrlHandlerMapping      : Rejected bean name 'org.springframework.boot.autoconfigure.condition.BeanTypeRegistry': no URL paths identified
2018-08-20 16:04:08.653 DEBUG 24988 --- [restartedMain] o.s.w.s.h.BeanNameUrlHandlerMapping      : Rejected bean name 'propertySourcesPlaceholderConfigurer': no URL paths identified
2018-08-20 16:04:08.653 DEBUG 24988 --- [restartedMain] o.s.w.s.h.BeanNameUrlHandlerMapping      : Rejected bean name 'org.springframework.boot.autoconfigure.websocket.servlet.WebSocketServletAutoConfiguration$TomcatWebSocketConfiguration': no URL paths identified
2018-08-20 16:04:08.653 DEBUG 24988 --- [restartedMain] o.s.w.s.h.BeanNameUrlHandlerMapping      : Rejected bean name 'websocketContainerCustomizer': no URL paths identified
2018-08-20 16:04:08.653 DEBUG 24988 --- [restartedMain] o.s.w.s.h.BeanNameUrlHandlerMapping      : Rejected bean name 'org.springframework.boot.autoconfigure.websocket.servlet.WebSocketServletAutoConfiguration': no URL paths identified
2018-08-20 16:04:08.653 DEBUG 24988 --- [restartedMain] o.s.w.s.h.BeanNameUrlHandlerMapping      : Rejected bean name 'org.springframework.boot.autoconfigure.web.servlet.ServletWebServerFactoryConfiguration$EmbeddedTomcat': no URL paths identified
2018-08-20 16:04:08.653 DEBUG 24988 --- [restartedMain] o.s.w.s.h.BeanNameUrlHandlerMapping      : Rejected bean name 'tomcatServletWebServerFactory': no URL paths identified
2018-08-20 16:04:08.653 DEBUG 24988 --- [restartedMain] o.s.w.s.h.BeanNameUrlHandlerMapping      : Rejected bean name 'org.springframework.boot.autoconfigure.web.servlet.ServletWebServerFactoryAutoConfiguration': no URL paths identified
2018-08-20 16:04:08.653 DEBUG 24988 --- [restartedMain] o.s.w.s.h.BeanNameUrlHandlerMapping      : Rejected bean name 'servletWebServerFactoryCustomizer': no URL paths identified
2018-08-20 16:04:08.653 DEBUG 24988 --- [restartedMain] o.s.w.s.h.BeanNameUrlHandlerMapping      : Rejected bean name 'tomcatServletWebServerFactoryCustomizer': no URL paths identified
2018-08-20 16:04:08.653 DEBUG 24988 --- [restartedMain] o.s.w.s.h.BeanNameUrlHandlerMapping      : Rejected bean name 'server-org.springframework.boot.autoconfigure.web.ServerProperties': no URL paths identified
2018-08-20 16:04:08.653 DEBUG 24988 --- [restartedMain] o.s.w.s.h.BeanNameUrlHandlerMapping      : Rejected bean name 'org.springframework.boot.context.properties.ConfigurationPropertiesBindingPostProcessor': no URL paths identified
2018-08-20 16:04:08.653 DEBUG 24988 --- [restartedMain] o.s.w.s.h.BeanNameUrlHandlerMapping      : Rejected bean name 'org.springframework.boot.context.properties.ConfigurationBeanFactoryMetadata': no URL paths identified
2018-08-20 16:04:08.653 DEBUG 24988 --- [restartedMain] o.s.w.s.h.BeanNameUrlHandlerMapping      : Rejected bean name 'webServerFactoryCustomizerBeanPostProcessor': no URL paths identified
2018-08-20 16:04:08.653 DEBUG 24988 --- [restartedMain] o.s.w.s.h.BeanNameUrlHandlerMapping      : Rejected bean name 'errorPageRegistrarBeanPostProcessor': no URL paths identified
2018-08-20 16:04:08.653 DEBUG 24988 --- [restartedMain] o.s.w.s.h.BeanNameUrlHandlerMapping      : Rejected bean name 'org.springframework.boot.autoconfigure.web.servlet.DispatcherServletAutoConfiguration$DispatcherServletConfiguration': no URL paths identified
2018-08-20 16:04:08.654 DEBUG 24988 --- [restartedMain] o.s.w.s.h.BeanNameUrlHandlerMapping      : Rejected bean name 'dispatcherServlet': no URL paths identified
2018-08-20 16:04:08.654 DEBUG 24988 --- [restartedMain] o.s.w.s.h.BeanNameUrlHandlerMapping      : Rejected bean name 'spring.mvc-org.springframework.boot.autoconfigure.web.servlet.WebMvcProperties': no URL paths identified
2018-08-20 16:04:08.654 DEBUG 24988 --- [restartedMain] o.s.w.s.h.BeanNameUrlHandlerMapping      : Rejected bean name 'org.springframework.boot.autoconfigure.web.servlet.DispatcherServletAutoConfiguration$DispatcherServletRegistrationConfiguration': no URL paths identified
2018-08-20 16:04:08.654 DEBUG 24988 --- [restartedMain] o.s.w.s.h.BeanNameUrlHandlerMapping      : Rejected bean name 'dispatcherServletRegistration': no URL paths identified
2018-08-20 16:04:08.654 DEBUG 24988 --- [restartedMain] o.s.w.s.h.BeanNameUrlHandlerMapping      : Rejected bean name 'org.springframework.boot.autoconfigure.web.servlet.DispatcherServletAutoConfiguration': no URL paths identified
2018-08-20 16:04:08.654 DEBUG 24988 --- [restartedMain] o.s.w.s.h.BeanNameUrlHandlerMapping      : Rejected bean name 'org.springframework.boot.autoconfigure.validation.ValidationAutoConfiguration': no URL paths identified
2018-08-20 16:04:08.654 DEBUG 24988 --- [restartedMain] o.s.w.s.h.BeanNameUrlHandlerMapping      : Rejected bean name 'defaultValidator': no URL paths identified
2018-08-20 16:04:08.654 DEBUG 24988 --- [restartedMain] o.s.w.s.h.BeanNameUrlHandlerMapping      : Rejected bean name 'methodValidationPostProcessor': no URL paths identified
2018-08-20 16:04:08.654 DEBUG 24988 --- [restartedMain] o.s.w.s.h.BeanNameUrlHandlerMapping      : Rejected bean name 'org.springframework.boot.autoconfigure.web.servlet.error.ErrorMvcAutoConfiguration$WhitelabelErrorViewConfiguration': no URL paths identified
2018-08-20 16:04:08.654 DEBUG 24988 --- [restartedMain] o.s.w.s.h.BeanNameUrlHandlerMapping      : Rejected bean name 'error': no URL paths identified
2018-08-20 16:04:08.654 DEBUG 24988 --- [restartedMain] o.s.w.s.h.BeanNameUrlHandlerMapping      : Rejected bean name 'beanNameViewResolver': no URL paths identified
2018-08-20 16:04:08.654 DEBUG 24988 --- [restartedMain] o.s.w.s.h.BeanNameUrlHandlerMapping      : Rejected bean name 'org.springframework.boot.autoconfigure.web.servlet.error.ErrorMvcAutoConfiguration$DefaultErrorViewResolverConfiguration': no URL paths identified
2018-08-20 16:04:08.654 DEBUG 24988 --- [restartedMain] o.s.w.s.h.BeanNameUrlHandlerMapping      : Rejected bean name 'conventionErrorViewResolver': no URL paths identified
2018-08-20 16:04:08.654 DEBUG 24988 --- [restartedMain] o.s.w.s.h.BeanNameUrlHandlerMapping      : Rejected bean name 'org.springframework.boot.autoconfigure.web.servlet.error.ErrorMvcAutoConfiguration': no URL paths identified
2018-08-20 16:04:08.654 DEBUG 24988 --- [restartedMain] o.s.w.s.h.BeanNameUrlHandlerMapping      : Rejected bean name 'errorAttributes': no URL paths identified
2018-08-20 16:04:08.655 DEBUG 24988 --- [restartedMain] o.s.w.s.h.BeanNameUrlHandlerMapping      : Rejected bean name 'basicErrorController': no URL paths identified
2018-08-20 16:04:08.655 DEBUG 24988 --- [restartedMain] o.s.w.s.h.BeanNameUrlHandlerMapping      : Rejected bean name 'errorPageCustomizer': no URL paths identified
2018-08-20 16:04:08.655 DEBUG 24988 --- [restartedMain] o.s.w.s.h.BeanNameUrlHandlerMapping      : Rejected bean name 'preserveErrorControllerTargetClassPostProcessor': no URL paths identified
2018-08-20 16:04:08.655 DEBUG 24988 --- [restartedMain] o.s.w.s.h.BeanNameUrlHandlerMapping      : Rejected bean name 'spring.resources-org.springframework.boot.autoconfigure.web.ResourceProperties': no URL paths identified
2018-08-20 16:04:08.655 DEBUG 24988 --- [restartedMain] o.s.w.s.h.BeanNameUrlHandlerMapping      : Rejected bean name 'org.springframework.boot.autoconfigure.jdbc.DataSourceConfiguration$Hikari': no URL paths identified
2018-08-20 16:04:08.655 DEBUG 24988 --- [restartedMain] o.s.w.s.h.BeanNameUrlHandlerMapping      : Rejected bean name 'dataSource': no URL paths identified
2018-08-20 16:04:08.655 DEBUG 24988 --- [restartedMain] o.s.w.s.h.BeanNameUrlHandlerMapping      : Rejected bean name 'org.springframework.boot.autoconfigure.jdbc.DataSourceJmxConfiguration$Hikari': no URL paths identified
2018-08-20 16:04:08.655 DEBUG 24988 --- [restartedMain] o.s.w.s.h.BeanNameUrlHandlerMapping      : Rejected bean name 'org.springframework.boot.autoconfigure.jdbc.DataSourceJmxConfiguration': no URL paths identified
2018-08-20 16:04:08.655 DEBUG 24988 --- [restartedMain] o.s.w.s.h.BeanNameUrlHandlerMapping      : Rejected bean name 'org.springframework.boot.autoconfigure.jdbc.DataSourceAutoConfiguration$PooledDataSourceConfiguration': no URL paths identified
2018-08-20 16:04:08.655 DEBUG 24988 --- [restartedMain] o.s.w.s.h.BeanNameUrlHandlerMapping      : Rejected bean name 'org.springframework.boot.autoconfigure.jdbc.metadata.DataSourcePoolMetadataProvidersConfiguration$HikariPoolDataSourceMetadataProviderConfiguration': no URL paths identified
2018-08-20 16:04:08.655 DEBUG 24988 --- [restartedMain] o.s.w.s.h.BeanNameUrlHandlerMapping      : Rejected bean name 'hikariPoolDataSourceMetadataProvider': no URL paths identified
2018-08-20 16:04:08.655 DEBUG 24988 --- [restartedMain] o.s.w.s.h.BeanNameUrlHandlerMapping      : Rejected bean name 'org.springframework.boot.autoconfigure.jdbc.metadata.DataSourcePoolMetadataProvidersConfiguration': no URL paths identified
2018-08-20 16:04:08.655 DEBUG 24988 --- [restartedMain] o.s.w.s.h.BeanNameUrlHandlerMapping      : Rejected bean name 'org.springframework.boot.autoconfigure.jdbc.DataSourceInitializerInvoker': no URL paths identified
2018-08-20 16:04:08.655 DEBUG 24988 --- [restartedMain] o.s.w.s.h.BeanNameUrlHandlerMapping      : Rejected bean name 'org.springframework.boot.autoconfigure.jdbc.DataSourceInitializationConfiguration': no URL paths identified
2018-08-20 16:04:08.655 DEBUG 24988 --- [restartedMain] o.s.w.s.h.BeanNameUrlHandlerMapping      : Rejected bean name 'dataSourceInitializerPostProcessor': no URL paths identified
2018-08-20 16:04:08.655 DEBUG 24988 --- [restartedMain] o.s.w.s.h.BeanNameUrlHandlerMapping      : Rejected bean name 'org.springframework.boot.autoconfigure.jdbc.DataSourceAutoConfiguration': no URL paths identified
2018-08-20 16:04:08.655 DEBUG 24988 --- [restartedMain] o.s.w.s.h.BeanNameUrlHandlerMapping      : Rejected bean name 'spring.datasource-org.springframework.boot.autoconfigure.jdbc.DataSourceProperties': no URL paths identified
2018-08-20 16:04:08.655 DEBUG 24988 --- [restartedMain] o.s.w.s.h.BeanNameUrlHandlerMapping      : Rejected bean name 'org.mybatis.spring.boot.autoconfigure.MybatisAutoConfiguration': no URL paths identified
2018-08-20 16:04:08.656 DEBUG 24988 --- [restartedMain] o.s.w.s.h.BeanNameUrlHandlerMapping      : Rejected bean name 'sqlSessionFactory': no URL paths identified
2018-08-20 16:04:08.656 DEBUG 24988 --- [restartedMain] o.s.w.s.h.BeanNameUrlHandlerMapping      : Rejected bean name 'sqlSessionTemplate': no URL paths identified
2018-08-20 16:04:08.656 DEBUG 24988 --- [restartedMain] o.s.w.s.h.BeanNameUrlHandlerMapping      : Rejected bean name 'mybatis-org.mybatis.spring.boot.autoconfigure.MybatisProperties': no URL paths identified
2018-08-20 16:04:08.656 DEBUG 24988 --- [restartedMain] o.s.w.s.h.BeanNameUrlHandlerMapping      : Rejected bean name 'org.springframework.boot.autoconfigure.jmx.JmxAutoConfiguration': no URL paths identified
2018-08-20 16:04:08.656 DEBUG 24988 --- [restartedMain] o.s.w.s.h.BeanNameUrlHandlerMapping      : Rejected bean name 'mbeanExporter': no URL paths identified
2018-08-20 16:04:08.656 DEBUG 24988 --- [restartedMain] o.s.w.s.h.BeanNameUrlHandlerMapping      : Rejected bean name 'objectNamingStrategy': no URL paths identified
2018-08-20 16:04:08.656 DEBUG 24988 --- [restartedMain] o.s.w.s.h.BeanNameUrlHandlerMapping      : Rejected bean name 'mbeanServer': no URL paths identified
2018-08-20 16:04:08.656 DEBUG 24988 --- [restartedMain] o.s.w.s.h.BeanNameUrlHandlerMapping      : Rejected bean name 'org.springframework.boot.autoconfigure.aop.AopAutoConfiguration$CglibAutoProxyConfiguration': no URL paths identified
2018-08-20 16:04:08.656 DEBUG 24988 --- [restartedMain] o.s.w.s.h.BeanNameUrlHandlerMapping      : Rejected bean name 'org.springframework.boot.autoconfigure.aop.AopAutoConfiguration': no URL paths identified
2018-08-20 16:04:08.656 DEBUG 24988 --- [restartedMain] o.s.w.s.h.BeanNameUrlHandlerMapping      : Rejected bean name 'org.springframework.boot.autoconfigure.context.ConfigurationPropertiesAutoConfiguration': no URL paths identified
2018-08-20 16:04:08.656 DEBUG 24988 --- [restartedMain] o.s.w.s.h.BeanNameUrlHandlerMapping      : Rejected bean name 'org.springframework.boot.autoconfigure.dao.PersistenceExceptionTranslationAutoConfiguration': no URL paths identified
2018-08-20 16:04:08.656 DEBUG 24988 --- [restartedMain] o.s.w.s.h.BeanNameUrlHandlerMapping      : Rejected bean name 'persistenceExceptionTranslationPostProcessor': no URL paths identified
2018-08-20 16:04:08.656 DEBUG 24988 --- [restartedMain] o.s.w.s.h.BeanNameUrlHandlerMapping      : Rejected bean name 'org.springframework.boot.autoconfigure.jackson.JacksonAutoConfiguration$Jackson2ObjectMapperBuilderCustomizerConfiguration': no URL paths identified
2018-08-20 16:04:08.656 DEBUG 24988 --- [restartedMain] o.s.w.s.h.BeanNameUrlHandlerMapping      : Rejected bean name 'standardJacksonObjectMapperBuilderCustomizer': no URL paths identified
2018-08-20 16:04:08.656 DEBUG 24988 --- [restartedMain] o.s.w.s.h.BeanNameUrlHandlerMapping      : Rejected bean name 'spring.jackson-org.springframework.boot.autoconfigure.jackson.JacksonProperties': no URL paths identified
2018-08-20 16:04:08.656 DEBUG 24988 --- [restartedMain] o.s.w.s.h.BeanNameUrlHandlerMapping      : Rejected bean name 'org.springframework.boot.autoconfigure.jackson.JacksonAutoConfiguration$JacksonObjectMapperBuilderConfiguration': no URL paths identified
2018-08-20 16:04:08.656 DEBUG 24988 --- [restartedMain] o.s.w.s.h.BeanNameUrlHandlerMapping      : Rejected bean name 'jacksonObjectMapperBuilder': no URL paths identified
2018-08-20 16:04:08.656 DEBUG 24988 --- [restartedMain] o.s.w.s.h.BeanNameUrlHandlerMapping      : Rejected bean name 'org.springframework.boot.autoconfigure.jackson.JacksonAutoConfiguration$ParameterNamesModuleConfiguration': no URL paths identified
2018-08-20 16:04:08.656 DEBUG 24988 --- [restartedMain] o.s.w.s.h.BeanNameUrlHandlerMapping      : Rejected bean name 'parameterNamesModule': no URL paths identified
2018-08-20 16:04:08.656 DEBUG 24988 --- [restartedMain] o.s.w.s.h.BeanNameUrlHandlerMapping      : Rejected bean name 'org.springframework.boot.autoconfigure.jackson.JacksonAutoConfiguration$JacksonObjectMapperConfiguration': no URL paths identified
2018-08-20 16:04:08.656 DEBUG 24988 --- [restartedMain] o.s.w.s.h.BeanNameUrlHandlerMapping      : Rejected bean name 'jacksonObjectMapper': no URL paths identified
2018-08-20 16:04:08.656 DEBUG 24988 --- [restartedMain] o.s.w.s.h.BeanNameUrlHandlerMapping      : Rejected bean name 'org.springframework.boot.autoconfigure.jackson.JacksonAutoConfiguration': no URL paths identified
2018-08-20 16:04:08.656 DEBUG 24988 --- [restartedMain] o.s.w.s.h.BeanNameUrlHandlerMapping      : Rejected bean name 'jsonComponentModule': no URL paths identified
2018-08-20 16:04:08.657 DEBUG 24988 --- [restartedMain] o.s.w.s.h.BeanNameUrlHandlerMapping      : Rejected bean name 'org.springframework.boot.autoconfigure.http.HttpMessageConvertersAutoConfiguration$StringHttpMessageConverterConfiguration': no URL paths identified
2018-08-20 16:04:08.657 DEBUG 24988 --- [restartedMain] o.s.w.s.h.BeanNameUrlHandlerMapping      : Rejected bean name 'stringHttpMessageConverter': no URL paths identified
2018-08-20 16:04:08.657 DEBUG 24988 --- [restartedMain] o.s.w.s.h.BeanNameUrlHandlerMapping      : Rejected bean name 'spring.http.encoding-org.springframework.boot.autoconfigure.http.HttpEncodingProperties': no URL paths identified
2018-08-20 16:04:08.657 DEBUG 24988 --- [restartedMain] o.s.w.s.h.BeanNameUrlHandlerMapping      : Rejected bean name 'org.springframework.boot.autoconfigure.http.JacksonHttpMessageConvertersConfiguration$MappingJackson2HttpMessageConverterConfiguration': no URL paths identified
2018-08-20 16:04:08.657 DEBUG 24988 --- [restartedMain] o.s.w.s.h.BeanNameUrlHandlerMapping      : Rejected bean name 'mappingJackson2HttpMessageConverter': no URL paths identified
2018-08-20 16:04:08.657 DEBUG 24988 --- [restartedMain] o.s.w.s.h.BeanNameUrlHandlerMapping      : Rejected bean name 'org.springframework.boot.autoconfigure.http.JacksonHttpMessageConvertersConfiguration': no URL paths identified
2018-08-20 16:04:08.657 DEBUG 24988 --- [restartedMain] o.s.w.s.h.BeanNameUrlHandlerMapping      : Rejected bean name 'org.springframework.boot.autoconfigure.http.HttpMessageConvertersAutoConfiguration': no URL paths identified
2018-08-20 16:04:08.657 DEBUG 24988 --- [restartedMain] o.s.w.s.h.BeanNameUrlHandlerMapping      : Rejected bean name 'messageConverters': no URL paths identified
2018-08-20 16:04:08.657 DEBUG 24988 --- [restartedMain] o.s.w.s.h.BeanNameUrlHandlerMapping      : Rejected bean name 'org.springframework.boot.autoconfigure.http.codec.CodecsAutoConfiguration$JacksonCodecConfiguration': no URL paths identified
2018-08-20 16:04:08.657 DEBUG 24988 --- [restartedMain] o.s.w.s.h.BeanNameUrlHandlerMapping      : Rejected bean name 'jacksonCodecCustomizer': no URL paths identified
2018-08-20 16:04:08.657 DEBUG 24988 --- [restartedMain] o.s.w.s.h.BeanNameUrlHandlerMapping      : Rejected bean name 'org.springframework.boot.autoconfigure.http.codec.CodecsAutoConfiguration': no URL paths identified
2018-08-20 16:04:08.657 DEBUG 24988 --- [restartedMain] o.s.w.s.h.BeanNameUrlHandlerMapping      : Rejected bean name 'org.springframework.boot.autoconfigure.info.ProjectInfoAutoConfiguration': no URL paths identified
2018-08-20 16:04:08.658 DEBUG 24988 --- [restartedMain] o.s.w.s.h.BeanNameUrlHandlerMapping      : Rejected bean name 'spring.info-org.springframework.boot.autoconfigure.info.ProjectInfoProperties': no URL paths identified
2018-08-20 16:04:08.658 DEBUG 24988 --- [restartedMain] o.s.w.s.h.BeanNameUrlHandlerMapping      : Rejected bean name 'org.springframework.boot.autoconfigure.jdbc.JdbcTemplateAutoConfiguration$JdbcTemplateConfiguration': no URL paths identified
2018-08-20 16:04:08.658 DEBUG 24988 --- [restartedMain] o.s.w.s.h.BeanNameUrlHandlerMapping      : Rejected bean name 'jdbcTemplate': no URL paths identified
2018-08-20 16:04:08.658 DEBUG 24988 --- [restartedMain] o.s.w.s.h.BeanNameUrlHandlerMapping      : Rejected bean name 'org.springframework.boot.autoconfigure.jdbc.JdbcTemplateAutoConfiguration$NamedParameterJdbcTemplateConfiguration': no URL paths identified
2018-08-20 16:04:08.658 DEBUG 24988 --- [restartedMain] o.s.w.s.h.BeanNameUrlHandlerMapping      : Rejected bean name 'namedParameterJdbcTemplate': no URL paths identified
2018-08-20 16:04:08.658 DEBUG 24988 --- [restartedMain] o.s.w.s.h.BeanNameUrlHandlerMapping      : Rejected bean name 'org.springframework.boot.autoconfigure.jdbc.JdbcTemplateAutoConfiguration': no URL paths identified
2018-08-20 16:04:08.658 DEBUG 24988 --- [restartedMain] o.s.w.s.h.BeanNameUrlHandlerMapping      : Rejected bean name 'spring.jdbc-org.springframework.boot.autoconfigure.jdbc.JdbcProperties': no URL paths identified
2018-08-20 16:04:08.658 DEBUG 24988 --- [restartedMain] o.s.w.s.h.BeanNameUrlHandlerMapping      : Rejected bean name 'org.springframework.boot.autoconfigure.jms.activemq.ActiveMQConnectionFactoryConfiguration': no URL paths identified
2018-08-20 16:04:08.658 DEBUG 24988 --- [restartedMain] o.s.w.s.h.BeanNameUrlHandlerMapping      : Rejected bean name 'jmsConnectionFactory': no URL paths identified
2018-08-20 16:04:08.658 DEBUG 24988 --- [restartedMain] o.s.w.s.h.BeanNameUrlHandlerMapping      : Rejected bean name 'org.springframework.boot.autoconfigure.jms.activemq.ActiveMQAutoConfiguration': no URL paths identified
2018-08-20 16:04:08.658 DEBUG 24988 --- [restartedMain] o.s.w.s.h.BeanNameUrlHandlerMapping      : Rejected bean name 'spring.activemq-org.springframework.boot.autoconfigure.jms.activemq.ActiveMQProperties': no URL paths identified
2018-08-20 16:04:08.658 DEBUG 24988 --- [restartedMain] o.s.w.s.h.BeanNameUrlHandlerMapping      : Rejected bean name 'org.springframework.boot.autoconfigure.jms.JmsAutoConfiguration$JmsTemplateConfiguration': no URL paths identified
2018-08-20 16:04:08.658 DEBUG 24988 --- [restartedMain] o.s.w.s.h.BeanNameUrlHandlerMapping      : Rejected bean name 'jmsTemplate': no URL paths identified
2018-08-20 16:04:08.658 DEBUG 24988 --- [restartedMain] o.s.w.s.h.BeanNameUrlHandlerMapping      : Rejected bean name 'org.springframework.boot.autoconfigure.jms.JmsAutoConfiguration$MessagingTemplateConfiguration': no URL paths identified
2018-08-20 16:04:08.658 DEBUG 24988 --- [restartedMain] o.s.w.s.h.BeanNameUrlHandlerMapping      : Rejected bean name 'jmsMessagingTemplate': no URL paths identified
2018-08-20 16:04:08.658 DEBUG 24988 --- [restartedMain] o.s.w.s.h.BeanNameUrlHandlerMapping      : Rejected bean name 'org.springframework.boot.autoconfigure.jms.JmsAnnotationDrivenConfiguration': no URL paths identified
2018-08-20 16:04:08.658 DEBUG 24988 --- [restartedMain] o.s.w.s.h.BeanNameUrlHandlerMapping      : Rejected bean name 'jmsListenerContainerFactoryConfigurer': no URL paths identified
2018-08-20 16:04:08.658 DEBUG 24988 --- [restartedMain] o.s.w.s.h.BeanNameUrlHandlerMapping      : Rejected bean name 'jmsListenerContainerFactory': no URL paths identified
2018-08-20 16:04:08.658 DEBUG 24988 --- [restartedMain] o.s.w.s.h.BeanNameUrlHandlerMapping      : Rejected bean name 'org.springframework.boot.autoconfigure.jms.JmsAutoConfiguration': no URL paths identified
2018-08-20 16:04:08.658 DEBUG 24988 --- [restartedMain] o.s.w.s.h.BeanNameUrlHandlerMapping      : Rejected bean name 'spring.jms-org.springframework.boot.autoconfigure.jms.JmsProperties': no URL paths identified
2018-08-20 16:04:08.658 DEBUG 24988 --- [restartedMain] o.s.w.s.h.BeanNameUrlHandlerMapping      : Rejected bean name 'org.springframework.boot.autoconfigure.security.reactive.ReactiveSecurityAutoConfiguration': no URL paths identified
2018-08-20 16:04:08.659 DEBUG 24988 --- [restartedMain] o.s.w.s.h.BeanNameUrlHandlerMapping      : Rejected bean name 'spring.security-org.springframework.boot.autoconfigure.security.SecurityProperties': no URL paths identified
2018-08-20 16:04:08.659 DEBUG 24988 --- [restartedMain] o.s.w.s.h.BeanNameUrlHandlerMapping      : Rejected bean name 'org.springframework.boot.autoconfigure.jdbc.DataSourceTransactionManagerAutoConfiguration$DataSourceTransactionManagerConfiguration': no URL paths identified
2018-08-20 16:04:08.659 DEBUG 24988 --- [restartedMain] o.s.w.s.h.BeanNameUrlHandlerMapping      : Rejected bean name 'transactionManager': no URL paths identified
2018-08-20 16:04:08.659 DEBUG 24988 --- [restartedMain] o.s.w.s.h.BeanNameUrlHandlerMapping      : Rejected bean name 'org.springframework.boot.autoconfigure.jdbc.DataSourceTransactionManagerAutoConfiguration': no URL paths identified
2018-08-20 16:04:08.659 DEBUG 24988 --- [restartedMain] o.s.w.s.h.BeanNameUrlHandlerMapping      : Rejected bean name 'org.springframework.boot.autoconfigure.transaction.TransactionAutoConfiguration$TransactionTemplateConfiguration': no URL paths identified
2018-08-20 16:04:08.659 DEBUG 24988 --- [restartedMain] o.s.w.s.h.BeanNameUrlHandlerMapping      : Rejected bean name 'transactionTemplate': no URL paths identified
2018-08-20 16:04:08.659 DEBUG 24988 --- [restartedMain] o.s.w.s.h.BeanNameUrlHandlerMapping      : Rejected bean name 'org.springframework.boot.autoconfigure.transaction.TransactionAutoConfiguration': no URL paths identified
2018-08-20 16:04:08.659 DEBUG 24988 --- [restartedMain] o.s.w.s.h.BeanNameUrlHandlerMapping      : Rejected bean name 'platformTransactionManagerCustomizers': no URL paths identified
2018-08-20 16:04:08.659 DEBUG 24988 --- [restartedMain] o.s.w.s.h.BeanNameUrlHandlerMapping      : Rejected bean name 'spring.transaction-org.springframework.boot.autoconfigure.transaction.TransactionProperties': no URL paths identified
2018-08-20 16:04:08.659 DEBUG 24988 --- [restartedMain] o.s.w.s.h.BeanNameUrlHandlerMapping      : Rejected bean name 'org.springframework.boot.autoconfigure.web.client.RestTemplateAutoConfiguration': no URL paths identified
2018-08-20 16:04:08.659 DEBUG 24988 --- [restartedMain] o.s.w.s.h.BeanNameUrlHandlerMapping      : Rejected bean name 'restTemplateBuilder': no URL paths identified
2018-08-20 16:04:08.659 DEBUG 24988 --- [restartedMain] o.s.w.s.h.BeanNameUrlHandlerMapping      : Rejected bean name 'org.springframework.boot.autoconfigure.web.embedded.EmbeddedWebServerFactoryCustomizerAutoConfiguration$TomcatWebServerFactoryCustomizerConfiguration': no URL paths identified
2018-08-20 16:04:08.659 DEBUG 24988 --- [restartedMain] o.s.w.s.h.BeanNameUrlHandlerMapping      : Rejected bean name 'tomcatWebServerFactoryCustomizer': no URL paths identified
2018-08-20 16:04:08.659 DEBUG 24988 --- [restartedMain] o.s.w.s.h.BeanNameUrlHandlerMapping      : Rejected bean name 'org.springframework.boot.autoconfigure.web.embedded.EmbeddedWebServerFactoryCustomizerAutoConfiguration': no URL paths identified
2018-08-20 16:04:08.659 DEBUG 24988 --- [restartedMain] o.s.w.s.h.BeanNameUrlHandlerMapping      : Rejected bean name 'org.springframework.boot.autoconfigure.web.servlet.HttpEncodingAutoConfiguration': no URL paths identified
2018-08-20 16:04:08.659 DEBUG 24988 --- [restartedMain] o.s.w.s.h.BeanNameUrlHandlerMapping      : Rejected bean name 'characterEncodingFilter': no URL paths identified
2018-08-20 16:04:08.659 DEBUG 24988 --- [restartedMain] o.s.w.s.h.BeanNameUrlHandlerMapping      : Rejected bean name 'localeCharsetMappingsCustomizer': no URL paths identified
2018-08-20 16:04:08.659 DEBUG 24988 --- [restartedMain] o.s.w.s.h.BeanNameUrlHandlerMapping      : Rejected bean name 'org.springframework.boot.autoconfigure.web.servlet.MultipartAutoConfiguration': no URL paths identified
2018-08-20 16:04:08.659 DEBUG 24988 --- [restartedMain] o.s.w.s.h.BeanNameUrlHandlerMapping      : Rejected bean name 'spring.servlet.multipart-org.springframework.boot.autoconfigure.web.servlet.MultipartProperties': no URL paths identified
2018-08-20 16:04:08.659 DEBUG 24988 --- [restartedMain] o.s.w.s.h.BeanNameUrlHandlerMapping      : Rejected bean name 'org.springframework.boot.devtools.autoconfigure.DevToolsDataSourceAutoConfiguration': no URL paths identified
2018-08-20 16:04:08.659 DEBUG 24988 --- [restartedMain] o.s.w.s.h.BeanNameUrlHandlerMapping      : Rejected bean name 'inMemoryDatabaseShutdownExecutor': no URL paths identified
2018-08-20 16:04:08.659 DEBUG 24988 --- [restartedMain] o.s.w.s.h.BeanNameUrlHandlerMapping      : Rejected bean name 'org.springframework.boot.devtools.autoconfigure.LocalDevToolsAutoConfiguration$RestartConfiguration': no URL paths identified
2018-08-20 16:04:08.659 DEBUG 24988 --- [restartedMain] o.s.w.s.h.BeanNameUrlHandlerMapping      : Rejected bean name 'classPathFileSystemWatcher': no URL paths identified
2018-08-20 16:04:08.659 DEBUG 24988 --- [restartedMain] o.s.w.s.h.BeanNameUrlHandlerMapping      : Rejected bean name 'classPathRestartStrategy': no URL paths identified
2018-08-20 16:04:08.659 DEBUG 24988 --- [restartedMain] o.s.w.s.h.BeanNameUrlHandlerMapping      : Rejected bean name 'hateoasObjenesisCacheDisabler': no URL paths identified
2018-08-20 16:04:08.659 DEBUG 24988 --- [restartedMain] o.s.w.s.h.BeanNameUrlHandlerMapping      : Rejected bean name 'fileSystemWatcherFactory': no URL paths identified
2018-08-20 16:04:08.659 DEBUG 24988 --- [restartedMain] o.s.w.s.h.BeanNameUrlHandlerMapping      : Rejected bean name 'conditionEvaluationDeltaLoggingListener': no URL paths identified
2018-08-20 16:04:08.660 DEBUG 24988 --- [restartedMain] o.s.w.s.h.BeanNameUrlHandlerMapping      : Rejected bean name 'org.springframework.boot.devtools.autoconfigure.LocalDevToolsAutoConfiguration$LiveReloadConfiguration': no URL paths identified
2018-08-20 16:04:08.660 DEBUG 24988 --- [restartedMain] o.s.w.s.h.BeanNameUrlHandlerMapping      : Rejected bean name 'liveReloadServer': no URL paths identified
2018-08-20 16:04:08.660 DEBUG 24988 --- [restartedMain] o.s.w.s.h.BeanNameUrlHandlerMapping      : Rejected bean name 'optionalLiveReloadServer': no URL paths identified
2018-08-20 16:04:08.660 DEBUG 24988 --- [restartedMain] o.s.w.s.h.BeanNameUrlHandlerMapping      : Rejected bean name 'liveReloadServerEventListener': no URL paths identified
2018-08-20 16:04:08.660 DEBUG 24988 --- [restartedMain] o.s.w.s.h.BeanNameUrlHandlerMapping      : Rejected bean name 'org.springframework.boot.devtools.autoconfigure.LocalDevToolsAutoConfiguration': no URL paths identified
2018-08-20 16:04:08.660 DEBUG 24988 --- [restartedMain] o.s.w.s.h.BeanNameUrlHandlerMapping      : Rejected bean name 'spring.devtools-org.springframework.boot.devtools.autoconfigure.DevToolsProperties': no URL paths identified
2018-08-20 16:04:08.660 DEBUG 24988 --- [restartedMain] o.s.w.s.h.BeanNameUrlHandlerMapping      : Rejected bean name 'autoConfigurationReport': no URL paths identified
2018-08-20 16:04:08.660 DEBUG 24988 --- [restartedMain] o.s.w.s.h.BeanNameUrlHandlerMapping      : Rejected bean name 'org.springframework.boot.context.ContextIdApplicationContextInitializer$ContextId': no URL paths identified
2018-08-20 16:04:08.660 DEBUG 24988 --- [restartedMain] o.s.w.s.h.BeanNameUrlHandlerMapping      : Rejected bean name 'springApplicationArguments': no URL paths identified
2018-08-20 16:04:08.660 DEBUG 24988 --- [restartedMain] o.s.w.s.h.BeanNameUrlHandlerMapping      : Rejected bean name 'springBootBanner': no URL paths identified
2018-08-20 16:04:08.660 DEBUG 24988 --- [restartedMain] o.s.w.s.h.BeanNameUrlHandlerMapping      : Rejected bean name 'springBootLoggingSystem': no URL paths identified
2018-08-20 16:04:08.660 DEBUG 24988 --- [restartedMain] o.s.w.s.h.BeanNameUrlHandlerMapping      : Rejected bean name 'environment': no URL paths identified
2018-08-20 16:04:08.660 DEBUG 24988 --- [restartedMain] o.s.w.s.h.BeanNameUrlHandlerMapping      : Rejected bean name 'systemProperties': no URL paths identified
2018-08-20 16:04:08.660 DEBUG 24988 --- [restartedMain] o.s.w.s.h.BeanNameUrlHandlerMapping      : Rejected bean name 'systemEnvironment': no URL paths identified
2018-08-20 16:04:08.660 DEBUG 24988 --- [restartedMain] o.s.w.s.h.BeanNameUrlHandlerMapping      : Rejected bean name 'org.springframework.context.annotation.ConfigurationClassPostProcessor.importRegistry': no URL paths identified
2018-08-20 16:04:08.660 DEBUG 24988 --- [restartedMain] o.s.w.s.h.BeanNameUrlHandlerMapping      : Rejected bean name 'messageSource': no URL paths identified
2018-08-20 16:04:08.660 DEBUG 24988 --- [restartedMain] o.s.w.s.h.BeanNameUrlHandlerMapping      : Rejected bean name 'applicationEventMulticaster': no URL paths identified
2018-08-20 16:04:08.660 DEBUG 24988 --- [restartedMain] o.s.w.s.h.BeanNameUrlHandlerMapping      : Rejected bean name 'servletContext': no URL paths identified
2018-08-20 16:04:08.660 DEBUG 24988 --- [restartedMain] o.s.w.s.h.BeanNameUrlHandlerMapping      : Rejected bean name 'contextParameters': no URL paths identified
2018-08-20 16:04:08.660 DEBUG 24988 --- [restartedMain] o.s.w.s.h.BeanNameUrlHandlerMapping      : Rejected bean name 'contextAttributes': no URL paths identified
2018-08-20 16:04:08.672  INFO 24988 --- [restartedMain] o.s.w.s.handler.SimpleUrlHandlerMapping  : Mapped URL path [/static/**] onto handler of type [class org.springframework.web.servlet.resource.ResourceHttpRequestHandler]
2018-08-20 16:04:08.732  INFO 24988 --- [restartedMain] s.w.s.m.m.a.RequestMappingHandlerAdapter : Looking for @ControllerAdvice: org.springframework.boot.web.servlet.context.AnnotationConfigServletWebServerApplicationContext@7840361f: startup date [Mon Aug 20 16:04:06 CST 2018]; root of context hierarchy
2018-08-20 16:04:08.781 DEBUG 24988 --- [restartedMain] .m.m.a.ExceptionHandlerExceptionResolver : Looking for exception mappings: org.springframework.boot.web.servlet.context.AnnotationConfigServletWebServerApplicationContext@7840361f: startup date [Mon Aug 20 16:04:06 CST 2018]; root of context hierarchy
2018-08-20 16:04:09.262  INFO 24988 --- [restartedMain] o.s.b.d.a.OptionalLiveReloadServer       : LiveReload server is running on port 35729
2018-08-20 16:04:09.303  INFO 24988 --- [restartedMain] o.s.j.e.a.AnnotationMBeanExporter        : Registering beans for JMX exposure on startup
2018-08-20 16:04:09.304  INFO 24988 --- [restartedMain] o.s.j.e.a.AnnotationMBeanExporter        : Bean with name 'dataSource' has been autodetected for JMX exposure
2018-08-20 16:04:09.308  INFO 24988 --- [restartedMain] o.s.j.e.a.AnnotationMBeanExporter        : Located MBean 'dataSource': registering with JMX server as MBean [com.zaxxer.hikari:name=dataSource,type=HikariDataSource]
2018-08-20 16:04:09.313  INFO 24988 --- [restartedMain] o.s.c.support.DefaultLifecycleProcessor  : Starting beans in phase 2147483647
2018-08-20 16:04:09.508 DEBUG 24988 --- [restartedMain] o.s.w.s.resource.ResourceUrlProvider     : Looking for resource handler mappings
2018-08-20 16:04:09.509 DEBUG 24988 --- [restartedMain] o.s.w.s.resource.ResourceUrlProvider     : Found resource handler mapping: URL pattern="/static/**", locations=[class path resource [static/]], resolvers=[org.springframework.web.servlet.resource.PathResourceResolver@2aef0f79]
2018-08-20 16:04:09.563  INFO 24988 --- [restartedMain] o.s.b.w.embedded.tomcat.TomcatWebServer  : Tomcat started on port(s): 8088 (http) with context path '/crm2018'
2018-08-20 16:04:09.564 DEBUG 24988 --- [restartedMain] o.s.w.c.s.StandardServletEnvironment     : Adding PropertySource 'server.ports' with highest search precedence
2018-08-20 16:04:09.567  INFO 24988 --- [restartedMain] com.fanyi.crm2018.Crm2018Application     : Started Crm2018Application in 3.893 seconds (JVM running for 4.374)
2018-08-20 16:04:24.276 DEBUG 24988 --- [http-nio-8088-exec-1] o.s.web.servlet.DispatcherServlet        : Initializing servlet 'dispatcherServlet'
2018-08-20 16:04:24.277  INFO 24988 --- [http-nio-8088-exec-1] o.a.c.c.C.[.[localhost].[/crm2018]       : Initializing Spring FrameworkServlet 'dispatcherServlet'
2018-08-20 16:04:24.277  INFO 24988 --- [http-nio-8088-exec-1] o.s.web.servlet.DispatcherServlet        : FrameworkServlet 'dispatcherServlet': initialization started
2018-08-20 16:04:24.277 DEBUG 24988 --- [http-nio-8088-exec-1] o.s.web.servlet.DispatcherServlet        : Using MultipartResolver [org.springframework.web.multipart.commons.CommonsMultipartResolver@12a3a18]
2018-08-20 16:04:24.282 DEBUG 24988 --- [http-nio-8088-exec-1] o.s.web.servlet.DispatcherServlet        : Unable to locate LocaleResolver with name 'localeResolver': using default [org.springframework.web.servlet.i18n.AcceptHeaderLocaleResolver@1e25845]
2018-08-20 16:04:24.288 DEBUG 24988 --- [http-nio-8088-exec-1] o.s.web.servlet.DispatcherServlet        : Unable to locate ThemeResolver with name 'themeResolver': using default [org.springframework.web.servlet.theme.FixedThemeResolver@19c5db3b]
2018-08-20 16:04:24.293 DEBUG 24988 --- [http-nio-8088-exec-1] o.s.web.servlet.DispatcherServlet        : Unable to locate RequestToViewNameTranslator with name 'viewNameTranslator': using default [org.springframework.web.servlet.view.DefaultRequestToViewNameTranslator@354311f5]
2018-08-20 16:04:24.299 DEBUG 24988 --- [http-nio-8088-exec-1] o.s.web.servlet.DispatcherServlet        : Unable to locate FlashMapManager with name 'flashMapManager': using default [org.springframework.web.servlet.support.SessionFlashMapManager@13288e87]
2018-08-20 16:04:24.300 DEBUG 24988 --- [http-nio-8088-exec-1] o.s.web.servlet.DispatcherServlet        : Published WebApplicationContext of servlet 'dispatcherServlet' as ServletContext attribute with name [org.springframework.web.servlet.FrameworkServlet.CONTEXT.dispatcherServlet]
2018-08-20 16:04:24.300  INFO 24988 --- [http-nio-8088-exec-1] o.s.web.servlet.DispatcherServlet        : FrameworkServlet 'dispatcherServlet': initialization completed in 23 ms
2018-08-20 16:04:24.300 DEBUG 24988 --- [http-nio-8088-exec-1] o.s.web.servlet.DispatcherServlet        : Servlet 'dispatcherServlet' configured successfully
2018-08-20 16:04:24.309 DEBUG 24988 --- [http-nio-8088-exec-1] o.s.web.servlet.DispatcherServlet        : DispatcherServlet with name 'dispatcherServlet' processing GET request for [/crm2018/bunch_rule/selectPunchRuleList]
2018-08-20 16:04:24.310 DEBUG 24988 --- [http-nio-8088-exec-1] s.w.s.m.m.a.RequestMappingHandlerMapping : Looking up handler method for path /bunch_rule/selectPunchRuleList
2018-08-20 16:04:24.311 DEBUG 24988 --- [http-nio-8088-exec-1] s.w.s.m.m.a.RequestMappingHandlerMapping : Returning handler method [public java.util.List<com.fanyi.crm2018.pojo.PunchRule> com.fanyi.crm2018.controller.PunchController.selectPunchRuleList(javax.servlet.http.HttpServletRequest,javax.servlet.http.HttpSession)]
2018-08-20 16:04:24.312 DEBUG 24988 --- [http-nio-8088-exec-1] o.s.web.servlet.DispatcherServlet        : Last-Modified value for [/crm2018/bunch_rule/selectPunchRuleList] is: -1
2018-08-20 16:04:24.327  INFO 24988 --- [http-nio-8088-exec-1] c.f.crm2018.controller.PunchController   : 查询排班规则列表
2018-08-20 16:04:24.344  INFO 24988 --- [http-nio-8088-exec-1] com.zaxxer.hikari.HikariDataSource       : HikariPool-1 - Starting...
2018-08-20 16:04:24.586  INFO 24988 --- [http-nio-8088-exec-1] com.zaxxer.hikari.HikariDataSource       : HikariPool-1 - Start completed.
2018-08-20 16:04:24.589 DEBUG 24988 --- [http-nio-8088-exec-1] c.f.c.dao.PunceRuleDao.getPunchRuleList  : ==>  Preparing: select r.id, r.name, r.type, r.start_time, r.end_time, r.isenabled, r.insert_user, r.update_user, r.insert_time, r.update_time, count(u.punch_rule_id) as user_number from c_punch_rule r left join c_user u on u.punch_rule_id=r.id where r.isenabled='1' and IFNULL(u.isenabled ,'1') = '1' group by r.id 
2018-08-20 16:04:24.604 DEBUG 24988 --- [http-nio-8088-exec-1] c.f.c.dao.PunceRuleDao.getPunchRuleList  : ==> Parameters: 
2018-08-20 16:04:24.618 DEBUG 24988 --- [http-nio-8088-exec-1] c.f.c.dao.PunceRuleDao.getPunchRuleList  : <==      Total: 7
2018-08-20 16:04:24.680 DEBUG 24988 --- [http-nio-8088-exec-1] m.m.a.RequestResponseBodyMethodProcessor : Written [[com.fanyi.crm2018.pojo.PunchRule@4ed0fc8e, com.fanyi.crm2018.pojo.PunchRule@332f62b4, com.fanyi.crm2018.pojo.PunchRule@31df5f27, com.fanyi.crm2018.pojo.PunchRule@1bd256a9, com.fanyi.crm2018.pojo.PunchRule@522ffdd1, com.fanyi.crm2018.pojo.PunchRule@1add0fe2, com.fanyi.crm2018.pojo.PunchRule@51b05df9]] as "application/json" using [org.springframework.http.converter.json.MappingJackson2HttpMessageConverter@58de3e78]
2018-08-20 16:04:24.682 DEBUG 24988 --- [http-nio-8088-exec-1] o.s.web.servlet.DispatcherServlet        : Null ModelAndView returned to DispatcherServlet with name 'dispatcherServlet': assuming HandlerAdapter completed request handling
2018-08-20 16:04:24.682 DEBUG 24988 --- [http-nio-8088-exec-1] o.s.web.servlet.DispatcherServlet        : Successfully completed request
2018-08-20 16:42:55.778  INFO 24988 --- [Thread-6] ConfigServletWebServerApplicationContext : Closing org.springframework.boot.web.servlet.context.AnnotationConfigServletWebServerApplicationContext@7840361f: startup date [Mon Aug 20 16:04:06 CST 2018]; root of context hierarchy
2018-08-20 16:42:55.780  INFO 24988 --- [Thread-6] o.s.c.support.DefaultLifecycleProcessor  : Stopping beans in phase 2147483647
2018-08-20 16:42:56.635  INFO 24988 --- [Thread-6] o.s.j.e.a.AnnotationMBeanExporter        : Unregistering JMX-exposed beans on shutdown
2018-08-20 16:42:56.635  INFO 24988 --- [Thread-6] o.s.j.e.a.AnnotationMBeanExporter        : Unregistering JMX-exposed beans
2018-08-20 16:42:56.656  INFO 24988 --- [Thread-6] com.zaxxer.hikari.HikariDataSource       : HikariPool-1 - Shutdown initiated...
2018-08-20 16:42:56.660  INFO 24988 --- [Thread-6] com.zaxxer.hikari.HikariDataSource       : HikariPool-1 - Shutdown completed.
